<?xml version="1.0" encoding="UTF-8" ?>
<testsuite errors="0" failures="0" hostname="VIRAT" name="Bank.TestFile" skipped="0" tests="1" time="0.108" timestamp="2024-01-18T23:10:39">
  <properties>
    <property name="ant.library.dir" value="C:\Build_Tool\apache-ant-1.10.14\lib" />
    <property name="env.NUMBER_OF_PROCESSORS" value="16" />
    <property name="env.USERPROFILE" value="C:\Users\viru6" />
    <property name="java.specification.version" value="21" />
    <property name="ant.project.name" value="AIS" />
    <property name="sun.cpu.isalist" value="amd64" />
    <property name="sun.jnu.encoding" value="Cp1252" />
    <property name="sun.arch.data.model" value="64" />
    <property name="debuglevel" value="source,lines,vars" />
    <property name="java.vendor.url" value="https://java.oracle.com/" />
    <property name="env.CommonProgramW6432" value="C:\Program Files\Common Files" />
    <property name="env.OS" value="Windows_NT" />
    <property name="sun.boot.library.path" value="C:\Program Files\Java\jdk-21\bin" />
    <property name="sun.java.command" value="org.apache.tools.ant.taskdefs.optional.junit.JUnitTestRunner Bank.TestFile skipNonTests=false filtertrace=true haltOnError=false haltOnFailure=false formatter=org.apache.tools.ant.taskdefs.optional.junit.OutErrSummaryJUnitResultFormatter showoutput=false outputtoformatters=true logfailedtests=true threadid=0 logtestlistenerevents=false formatter=org.apache.tools.ant.taskdefs.optional.junit.XMLJUnitResultFormatter,C:\Users\viru6\eclipse-workspace\AIS\junit\TEST-Bank.TestFile.xml crashfile=C:\Users\viru6\eclipse-workspace\AIS\junitvmwatcher586558238799283483.properties propsfile=C:\Users\viru6\eclipse-workspace\AIS\junit6510672854550028884.properties" />
    <property name="jdk.debug" value="release" />
    <property name="ant.file.type.AIS" value="file" />
    <property name="env.ComSpec" value="C:\WINDOWS\system32\cmd.exe" />
    <property name="java.specification.vendor" value="Oracle Corporation" />
    <property name="env.ANT_CMD_LINE_ARGS" value=" pit" />
    <property name="java.version.date" value="2023-09-19" />
    <property name="env.JAVA_HOME" value="C:\Program Files\Java\jdk-21" />
    <property name="java.home" value="C:\Program Files\Java\jdk-21" />
    <property name="env.RegionCode" value="APJ" />
    <property name="basedir" value="C:\Users\viru6\eclipse-workspace\AIS" />
    <property name="env.ProgramFiles" value="C:\Program Files" />
    <property name="file.separator" value="\" />
    <property name="java.vm.compressedOopsMode" value="Zero based" />
    <property name="line.separator" value="&#xd;&#xa;" />
    <property name="env.PROMPT" value="$P$G" />
    <property name="java.specification.name" value="Java Platform API Specification" />
    <property name="java.vm.specification.vendor" value="Oracle Corporation" />
    <property name="env._JAVACMD" value="C:\Program Files\Java\jdk-21\bin\java.exe" />
    <property name="env.LOCALAPPDATA" value="C:\Users\viru6\AppData\Local" />
    <property name="env.USERDOMAIN_ROAMINGPROFILE" value="VIRAT" />
    <property name="env.PROCESSOR_REVISION" value="9a03" />
    <property name="user.script" value="" />
    <property name="env.PSModulePath" value="C:\Users\viru6\Documents\WindowsPowerShell\Modules;C:\Program Files\WindowsPowerShell\Modules;C:\WINDOWS\system32\WindowsPowerShell\v1.0\Modules" />
    <property name="sun.management.compiler" value="HotSpot 64-Bit Tiered Compilers" />
    <property name="env.PROCESSOR_IDENTIFIER" value="Intel64 Family 6 Model 154 Stepping 3, GenuineIntel" />
    <property name="java.runtime.version" value="21+35-LTS-2513" />
    <property name="user.name" value="viru6" />
    <property name="env.WSLENV" value="WT_SESSION:WT_PROFILE_ID:" />
    <property name="env.DriverData" value="C:\Windows\System32\Drivers\DriverData" />
    <property name="env.ProgramW6432" value="C:\Program Files" />
    <property name="env.CommonProgramFiles" value="C:\Program Files\Common Files" />
    <property name="env.PUBLIC" value="C:\Users\Public" />
    <property name="file.encoding" value="UTF-8" />
    <property name="env.COMPUTERNAME" value="VIRAT" />
    <property name="env.HOMEPATH" value="\Users\viru6" />
    <property name="env.OnlineServices" value="Online Services" />
    <property name="env.APPDATA" value="C:\Users\viru6\AppData\Roaming" />
    <property name="env.SystemDrive" value="C:" />
    <property name="env.ProgramData" value="C:\ProgramData" />
    <property name="env.IntelliJ IDEA Community Edition" value="C:\Program Files\JetBrains\IntelliJ IDEA Community Edition 2023.2.3\bin;" />
    <property name="java.io.tmpdir" value="C:\Users\viru6\AppData\Local\Temp\" />
    <property name="env.WT_PROFILE_ID" value="{61c54bbd-c2c6-5271-96e7-009a87ff44bf}" />
    <property name="java.version" value="21" />
    <property name="env.Path" value="C:\Program Files\Common Files\Oracle\Java\javapath;C:\Program Files (x86)\Common Files\Oracle\Java\javapath;C:\windows\system32;C:\windows;C:\windows\System32\Wbem;C:\windows\System32\WindowsPowerShell\v1.0\;C:\windows\System32\OpenSSH\;C:\Program Files (x86)\NVIDIA Corporation\PhysX\Common;C:\Program Files\NVIDIA Corporation\NVIDIA NvDLISR;C:\Users\viru6\Downloads\jdk-19_windows-x64_bin.zip\jdk-19\bin;C:\WINDOWS\system32;C:\WINDOWS;C:\WINDOWS\System32\Wbem;C:\WINDOWS\System32\WindowsPowerShell\v1.0\;C:\WINDOWS\System32\OpenSSH\;C:\Build_Tool\apache-ant-1.10.14\bin;C:\Users\viru6\Downloads\scc_Windows_x86_64;C:\Program Files\Java\jdk-21\bin;C:\Program Files\Java\jdk-21;C:\Program Files\Git\cmd;C:\Program Files\Git\bin;C:\Users\viru6\AppData\Local\Programs\Python\Python311\Scripts\;C:\Users\viru6\AppData\Local\Programs\Python\Python311\;C:\Users\viru6\AppData\Local\Microsoft\WindowsApps;C:\Program Files\JetBrains\IntelliJ IDEA Community Edition 2023.2.3\bin;;C:\Program Files\Java\jdk-17\bin;C:\Program Files\Git\bin;C:\Program Files\Git\cmd;" />
    <property name="env.WT_SESSION" value="f5d6a0d7-55c6-42f8-9176-c31a8fbde619" />
    <property name="env.HOMEDRIVE" value="C:" />
    <property name="env.PROCESSOR_LEVEL" value="6" />
    <property name="env.TMP" value="C:\Users\viru6\AppData\Local\Temp" />
    <property name="java.vm.specification.name" value="Java Virtual Machine Specification" />
    <property name="ant.home" value="C:\Build_Tool\apache-ant-1.10.14" />
    <property name="sun.os.patch.level" value="" />
    <property name="junit.output.dir" value="junit" />
    <property name="native.encoding" value="Cp1252" />
    <property name="ant.version" value="Apache Ant(TM) version 1.10.14 compiled on August 16 2023" />
    <property name="java.library.path" value="C:\Program Files\Java\jdk-21\bin;C:\WINDOWS\Sun\Java\bin;C:\WINDOWS\system32;C:\WINDOWS;C:\Program Files\Common Files\Oracle\Java\javapath;C:\Program Files (x86)\Common Files\Oracle\Java\javapath;C:\windows\system32;C:\windows;C:\windows\System32\Wbem;C:\windows\System32\WindowsPowerShell\v1.0\;C:\windows\System32\OpenSSH\;C:\Program Files (x86)\NVIDIA Corporation\PhysX\Common;C:\Program Files\NVIDIA Corporation\NVIDIA NvDLISR;C:\Users\viru6\Downloads\jdk-19_windows-x64_bin.zip\jdk-19\bin;C:\WINDOWS\system32;C:\WINDOWS;C:\WINDOWS\System32\Wbem;C:\WINDOWS\System32\WindowsPowerShell\v1.0\;C:\WINDOWS\System32\OpenSSH\;C:\Build_Tool\apache-ant-1.10.14\bin;C:\Users\viru6\Downloads\scc_Windows_x86_64;C:\Program Files\Java\jdk-21\bin;C:\Program Files\Java\jdk-21;C:\Program Files\Git\cmd;C:\Program Files\Git\bin;C:\Users\viru6\AppData\Local\Programs\Python\Python311\Scripts\;C:\Users\viru6\AppData\Local\Programs\Python\Python311\;C:\Users\viru6\AppData\Local\Microsoft\WindowsApps;C:\Program Files\JetBrains\IntelliJ IDEA Community Edition 2023.2.3\bin;;C:\Program Files\Java\jdk-17\bin;C:\Program Files\Git\bin;C:\Program Files\Git\cmd;;." />
    <property name="java.vendor" value="Oracle Corporation" />
    <property name="stderr.encoding" value="Cp1252" />
    <property name="env.LOGONSERVER" value="\\VIRAT" />
    <property name="sun.io.unicode.encoding" value="UnicodeLittle" />
    <property name="ant.file.type" value="file" />
    <property name="java.class.path" value="C:\Users\viru6\eclipse-workspace\AIS\bin;C:\Users\viru6\eclipse-workspace\AIS\lib\junit-jupiter-api_5.10.0.jar;C:\Users\viru6\eclipse-workspace\AIS\lib\junit-jupiter-engine_5.10.0.jar;C:\Users\viru6\eclipse-workspace\AIS\lib\junit-jupiter-params_5.10.0.jar;C:\Users\viru6\eclipse-workspace\AIS\lib\junit-platform-commons_1.10.0.jar;C:\Users\viru6\eclipse-workspace\AIS\lib\junit-platform-engine_1.10.0.jar;C:\Users\viru6\eclipse-workspace\AIS\lib\junit-platform-launcher_1.10.0.jar;C:\Users\viru6\eclipse-workspace\AIS\lib\junit-platform-runner_1.10.0.jar;C:\Users\viru6\eclipse-workspace\AIS\lib\junit-platform-suite-api_1.10.0.jar;C:\Users\viru6\eclipse-workspace\AIS\lib\junit-platform-suite-engine_1.10.0.jar;C:\Users\viru6\eclipse-workspace\AIS\lib\junit-platform-suite-commons_1.10.0.jar;C:\Users\viru6\eclipse-workspace\AIS\lib\junit-vintage-engine_5.10.0.jar;C:\Users\viru6\eclipse-workspace\AIS\lib\org.opentest4j_1.3.0.jar;C:\Users\viru6\eclipse-workspace\AIS\lib\org.apiguardian.api_1.1.2.jar;C:\Users\viru6\eclipse-workspace\AIS\lib\org.junit_4.13.2.v20230809-1000.jar;C:\Users\viru6\eclipse-workspace\AIS\lib\org.hamcrest_2.2.0.jar;C:\Users\viru6\eclipse-workspace\AIS\lib\org.hamcrest.core_2.2.0.v20230809-1000.jar;C:\Build_Tool\apache-ant-1.10.14\lib\ant-launcher.jar;C:\Build_Tool\apache-ant-1.10.14\lib\ant.jar;C:\Build_Tool\apache-ant-1.10.14\lib\ant-junit.jar;C:\Build_Tool\apache-ant-1.10.14\lib\ant-junit4.jar" />
    <property name="source" value="17" />
    <property name="java.vm.vendor" value="Oracle Corporation" />
    <property name="env.PROCESSOR_ARCHITECTURE" value="AMD64" />
    <property name="user.variant" value="" />
    <property name="spotbugs.home" value="lib/spotbugs-4.8.3/lib" />
    <property name="env.SystemRoot" value="C:\WINDOWS" />
    <property name="java.vm.specification.version" value="21" />
    <property name="os.name" value="Windows 11" />
    <property name="env.IGCCSVC_DB" value="AQAAANCMnd8BFdERjHoAwE/Cl+sBAAAARnJ+gjGjYkO/GWfVE/9PjgQAAAACAAAAAAAQZgAAAAEAACAAAADpjHHEhvVejCBeU4OCLwNs7Is3M+FOjIOAr8SQ3C4mfgAAAAAOgAAAAAIAACAAAAAUWKo+JexJvil047DXfOHFxskTWF+wc7eDQzrcgMCoKGAAAAA8+WTTtmpiwxJu17gzaUPz5f5KCKnHz+ojqqD4SjvNKGMz9DLB8XIsZ8MCFCLHJndXuXTpXwdxKMg4uxoo8KqTab8Sd1oK+rKm/mwZHadc+Hh3rZtBsGOGG+X2RYixiZ5AAAAAJJ3CTwk2EJ+MyjY+BeU0uHzQPsYXhfDhipjDkK6OWe7lszryVt9Z5TSOSqdmy5AyvnUToTlpXnxUV/nsif7JKw==" />
    <property name="sun.java.launcher" value="SUN_STANDARD" />
    <property name="user.country" value="IN" />
    <property name="env.USERDOMAIN" value="VIRAT" />
    <property name="sun.cpu.endian" value="little" />
    <property name="user.home" value="C:\Users\viru6" />
    <property name="env.platformcode" value="M7" />
    <property name="user.language" value="en" />
    <property name="env.ALLUSERSPROFILE" value="C:\ProgramData" />
    <property name="ant.java.version" value="21" />
    <property name="env.SESSIONNAME" value="Console" />
    <property name="env.ANT_HOME" value="C:\Build_Tool\apache-ant-1.10.14" />
    <property name="env.windir" value="C:\WINDOWS" />
    <property name="ant.file" value="C:\Users\viru6\eclipse-workspace\AIS\build.xml" />
    <property name="stdout.encoding" value="Cp1252" />
    <property name="path.separator" value=";" />
    <property name="env.=C:" value="C:\Users\viru6\eclipse-workspace\AIS" />
    <property name="os.version" value="10.0" />
    <property name="env.CommonProgramFiles(x86)" value="C:\Program Files (x86)\Common Files" />
    <property name="java.runtime.name" value="Java(TM) SE Runtime Environment" />
    <property name="env.PATHEXT" value=".COM;.EXE;.BAT;.CMD;.VBS;.VBE;.JS;.JSE;.WSF;.WSH;.MSC;.CPL" />
    <property name="ant.project.invoked-targets" value="pit" />
    <property name="env._USE_CLASSPATH" value="no" />
    <property name="java.vm.name" value="Java HotSpot(TM) 64-Bit Server VM" />
    <property name="ant.file.AIS" value="C:\Users\viru6\eclipse-workspace\AIS\build.xml" />
    <property name="env.ZES_ENABLE_SYSMAN" value="1" />
    <property name="ant.core.lib" value="C:\Build_Tool\apache-ant-1.10.14\lib\ant.jar" />
    <property name="java.vendor.url.bug" value="https://bugreport.java.com/bugreport/" />
    <property name="user.dir" value="C:\Users\viru6\eclipse-workspace\AIS" />
    <property name="env.USERNAME" value="viru6" />
    <property name="os.arch" value="amd64" />
    <property name="target" value="17" />
    <property name="env.ProgramFiles(x86)" value="C:\Program Files (x86)" />
    <property name="env.ANT_OPTS" value=" " />
    <property name="java.vm.info" value="mixed mode, sharing" />
    <property name="java.vm.version" value="21+35-LTS-2513" />
    <property name="env.TEMP" value="C:\Users\viru6\AppData\Local\Temp" />
    <property name="java.class.version" value="65.0" />
    <property name="env.OneDrive" value="C:\Users\viru6\OneDrive" />
    <property name="ant.project.default-target" value="build" />
  </properties>
  <testcase classname="Bank.TestFile" name="testCalculateMonthlyRate" time="0.018" />
  <system-out><![CDATA[]]></system-out>
  <system-err><![CDATA[]]></system-err>
</testsuite>
